time=2025-08-26T11:14:41.463Z level=INFO msg="Starting up" app=perfspect version=3.9.1_2025-08-19_18fa4c94 PID=28040 arguments="image-collector-aarch64/usr/local/bin/perfspect report --noupdate --output results --format json,txt"
time=2025-08-26T11:14:41.466Z level=WARN msg="failed to check if temp directory is mounted on 'noexec' file system" target=ip-10-0-4-147 error="mount point / is found but filesystem /dev/root is not found in mount records"
time=2025-08-26T11:14:41.473Z level=INFO msg="table not supported for target" table=Prefetcher target=ip-10-0-4-147
time=2025-08-26T11:14:41.474Z level=INFO msg="table not supported for target" table=ISA target=ip-10-0-4-147
time=2025-08-26T11:14:41.474Z level=INFO msg="table not supported for target" table=Accelerator target=ip-10-0-4-147
time=2025-08-26T11:14:41.474Z level=INFO msg="table not supported for target" table=Power target=ip-10-0-4-147
time=2025-08-26T11:14:41.474Z level=INFO msg="table not supported for target" table="Maximum Frequency" target=ip-10-0-4-147
time=2025-08-26T11:14:41.478Z level=INFO msg="table not supported for target" table="Speed Select Turbo Frequency - High Priority" target=ip-10-0-4-147
time=2025-08-26T11:14:41.482Z level=INFO msg="table not supported for target" table="Speed Select Turbo Frequency - Low Priority" target=ip-10-0-4-147
time=2025-08-26T11:14:41.482Z level=INFO msg="table not supported for target" table=Uncore target=ip-10-0-4-147
time=2025-08-26T11:14:41.486Z level=INFO msg="table not supported for target" table="Efficiency Latency Control" target=ip-10-0-4-147
time=2025-08-26T11:14:41.486Z level=INFO msg="table not supported for target" table=Gaudi target=ip-10-0-4-147
time=2025-08-26T11:14:41.486Z level=INFO msg="table not supported for target" table=PMU target=ip-10-0-4-147
time=2025-08-26T11:14:41.496Z level=WARN msg="dependency not found" dependency=aarch64/cpuid
time=2025-08-26T11:14:41.502Z level=WARN msg="dependency not found" dependency=aarch64/rdmsr
time=2025-08-26T11:14:42.637Z level=INFO msg="Could not get L3 size from MSR, falling back to lscpu" error="L3 cache way count is zero"
time=2025-08-26T11:14:42.638Z level=WARN msg="EPB scripts failed or produced no output"
time=2025-08-26T11:14:42.638Z level=INFO msg="Could not get L3 size from MSR, falling back to lscpu" error="L3 cache way count is zero"
time=2025-08-26T11:14:42.639Z level=INFO msg="Could not get L3 size from MSR, falling back to lscpu" error="L3 cache way count is zero"
time=2025-08-26T11:14:42.640Z level=WARN msg="field [Speed] does not have associated value(s)"
time=2025-08-26T11:14:42.651Z level=WARN msg="field [Sensor] does not have associated value(s)"
time=2025-08-26T11:14:42.656Z level=INFO msg="Shutting down" app=perfspect version=3.9.1_2025-08-19_18fa4c94 PID=28040 arguments="image-collector-aarch64/usr/local/bin/perfspect report --noupdate --output results --format json,txt"
